<?xml version="1.0" encoding="UTF-8"?>
<testsuite name="myProject.shortURL.ShortUrlApplicationTests" tests="1" skipped="0" failures="0" errors="0" timestamp="2023-08-07T21:49:56" hostname="Jisungs-MacBook-Air.local" time="0.657">
  <properties/>
  <testcase name="contextLoads()" classname="myProject.shortURL.ShortUrlApplicationTests" time="0.657"/>
  <system-out><![CDATA[14:49:55.296 [Test worker] INFO org.springframework.test.context.support.AnnotationConfigContextLoaderUtils -- Could not detect default configuration classes for test class [myProject.shortURL.ShortUrlApplicationTests]: ShortUrlApplicationTests does not declare any static, non-private, non-final, nested classes annotated with @Configuration.
14:49:55.356 [Test worker] INFO org.springframework.boot.test.context.SpringBootTestContextBootstrapper -- Found @SpringBootConfiguration myProject.shortURL.ShortUrlApplication for test class myProject.shortURL.ShortUrlApplicationTests

  .   ____          _            __ _ _
 /\\ / ___'_ __ _ _(_)_ __  __ _ \ \ \ \
( ( )\___ | '_ | '_| | '_ \/ _` | \ \ \ \
 \\/  ___)| |_)| | | | | || (_| |  ) ) ) )
  '  |____| .__|_| |_|_| |_\__, | / / / /
 =========|_|==============|___/=/_/_/_/
 :: Spring Boot ::                (v3.1.1)

2023-08-07T14:49:55.599-07:00  INFO 47893 --- [    Test worker] m.shortURL.ShortUrlApplicationTests      : Starting ShortUrlApplicationTests using Java 17.0.5 with PID 47893 (started by jisungchoi in /Users/jisungchoi/Desktop/shortURL)
2023-08-07T14:49:55.601-07:00  INFO 47893 --- [    Test worker] m.shortURL.ShortUrlApplicationTests      : No active profile set, falling back to 1 default profile: "default"
2023-08-07T14:49:55.889-07:00  INFO 47893 --- [    Test worker] .s.d.r.c.RepositoryConfigurationDelegate : Bootstrapping Spring Data MongoDB repositories in DEFAULT mode.
2023-08-07T14:49:55.918-07:00  INFO 47893 --- [    Test worker] .s.d.r.c.RepositoryConfigurationDelegate : Finished Spring Data repository scanning in 26 ms. Found 2 MongoDB repository interfaces.
2023-08-07T14:49:56.177-07:00  INFO 47893 --- [    Test worker] org.mongodb.driver.client                : MongoClient with metadata {"driver": {"name": "mongo-java-driver|sync|spring-boot", "version": "4.9.1"}, "os": {"type": "Darwin", "name": "Mac OS X", "architecture": "aarch64", "version": "13.4.1"}, "platform": "Java/Eclipse Adoptium/17.0.5+8"} created with settings MongoClientSettings{readPreference=primary, writeConcern=WriteConcern{w=null, wTimeout=null ms, journal=null}, retryWrites=true, retryReads=true, readConcern=ReadConcern{level=null}, credential=MongoCredential{mechanism=null, userName='qlelwltjd', source='admin', password=<hidden>, mechanismProperties=<hidden>}, streamFactoryFactory=null, commandListeners=[], codecRegistry=ProvidersCodecRegistry{codecProviders=[ValueCodecProvider{}, BsonValueCodecProvider{}, DBRefCodecProvider{}, DBObjectCodecProvider{}, DocumentCodecProvider{}, CollectionCodecProvider{}, IterableCodecProvider{}, MapCodecProvider{}, GeoJsonCodecProvider{}, GridFSFileCodecProvider{}, Jsr310CodecProvider{}, JsonObjectCodecProvider{}, BsonCodecProvider{}, EnumCodecProvider{}, com.mongodb.client.model.mql.ExpressionCodecProvider@19b02dfd, com.mongodb.Jep395RecordCodecProvider@3dce6dd8]}, loggerSettings=LoggerSettings{maxDocumentLength=1000}, clusterSettings={hosts=[127.0.0.1:27017], srvHost=cluster0.fibtsgz.mongodb.net, srvServiceName=mongodb, mode=MULTIPLE, requiredClusterType=REPLICA_SET, requiredReplicaSetName='atlas-12hxkj-shard-0', serverSelector='null', clusterListeners='[]', serverSelectionTimeout='30000 ms', localThreshold='30000 ms'}, socketSettings=SocketSettings{connectTimeoutMS=10000, readTimeoutMS=0, receiveBufferSize=0, sendBufferSize=0}, heartbeatSocketSettings=SocketSettings{connectTimeoutMS=10000, readTimeoutMS=10000, receiveBufferSize=0, sendBufferSize=0}, connectionPoolSettings=ConnectionPoolSettings{maxSize=100, minSize=0, maxWaitTimeMS=120000, maxConnectionLifeTimeMS=0, maxConnectionIdleTimeMS=0, maintenanceInitialDelayMS=0, maintenanceFrequencyMS=60000, connectionPoolListeners=[], maxConnecting=2}, serverSettings=ServerSettings{heartbeatFrequencyMS=10000, minHeartbeatFrequencyMS=500, serverListeners='[]', serverMonitorListeners='[]'}, sslSettings=SslSettings{enabled=true, invalidHostNameAllowed=false, context=null}, applicationName='null', compressorList=[], uuidRepresentation=JAVA_LEGACY, serverApi=null, autoEncryptionSettings=null, contextProvider=null}
2023-08-07T14:49:56.198-07:00  INFO 47893 --- [sgz.mongodb.net] org.mongodb.driver.cluster               : Adding discovered server ac-vytrqe8-shard-00-00.fibtsgz.mongodb.net:27017 to client view of cluster
2023-08-07T14:49:56.212-07:00  INFO 47893 --- [sgz.mongodb.net] org.mongodb.driver.cluster               : Adding discovered server ac-vytrqe8-shard-00-01.fibtsgz.mongodb.net:27017 to client view of cluster
2023-08-07T14:49:56.213-07:00  INFO 47893 --- [sgz.mongodb.net] org.mongodb.driver.cluster               : Adding discovered server ac-vytrqe8-shard-00-02.fibtsgz.mongodb.net:27017 to client view of cluster
2023-08-07T14:49:56.214-07:00 DEBUG 47893 --- [sgz.mongodb.net] org.mongodb.driver.cluster               : Updating cluster description to  {type=REPLICA_SET, servers=[{address=ac-vytrqe8-shard-00-00.fibtsgz.mongodb.net:27017, type=UNKNOWN, state=CONNECTING}, {address=ac-vytrqe8-shard-00-01.fibtsgz.mongodb.net:27017, type=UNKNOWN, state=CONNECTING}, {address=ac-vytrqe8-shard-00-02.fibtsgz.mongodb.net:27017, type=UNKNOWN, state=CONNECTING}]
2023-08-07T14:49:56.674-07:00  INFO 47893 --- [    Test worker] m.shortURL.ShortUrlApplicationTests      : Started ShortUrlApplicationTests in 1.216 seconds (process running for 1.983)
2023-08-07T14:49:56.804-07:00 DEBUG 47893 --- [ngodb.net:27017] org.mongodb.driver.connection            : Opened connection [connectionId{localValue:6, serverValue:462689}] to ac-vytrqe8-shard-00-02.fibtsgz.mongodb.net:27017
2023-08-07T14:49:56.804-07:00 DEBUG 47893 --- [ngodb.net:27017] org.mongodb.driver.connection            : Opened connection [connectionId{localValue:1, serverValue:459736}] to ac-vytrqe8-shard-00-00.fibtsgz.mongodb.net:27017
2023-08-07T14:49:56.804-07:00 DEBUG 47893 --- [ngodb.net:27017] org.mongodb.driver.connection            : Opened connection [connectionId{localValue:2, serverValue:459736}] to ac-vytrqe8-shard-00-00.fibtsgz.mongodb.net:27017
2023-08-07T14:49:56.804-07:00 DEBUG 47893 --- [ngodb.net:27017] org.mongodb.driver.connection            : Opened connection [connectionId{localValue:3, serverValue:452135}] to ac-vytrqe8-shard-00-01.fibtsgz.mongodb.net:27017
2023-08-07T14:49:56.804-07:00 DEBUG 47893 --- [ngodb.net:27017] org.mongodb.driver.connection            : Opened connection [connectionId{localValue:4, serverValue:462689}] to ac-vytrqe8-shard-00-02.fibtsgz.mongodb.net:27017
2023-08-07T14:49:56.808-07:00 DEBUG 47893 --- [ngodb.net:27017] org.mongodb.driver.connection            : Opened connection [connectionId{localValue:5, serverValue:452135}] to ac-vytrqe8-shard-00-01.fibtsgz.mongodb.net:27017
2023-08-07T14:49:56.810-07:00  INFO 47893 --- [ngodb.net:27017] org.mongodb.driver.cluster               : Monitor thread successfully connected to server with description ServerDescription{address=ac-vytrqe8-shard-00-00.fibtsgz.mongodb.net:27017, type=REPLICA_SET_SECONDARY, state=CONNECTED, ok=true, minWireVersion=0, maxWireVersion=17, maxDocumentSize=16777216, logicalSessionTimeoutMinutes=30, roundTripTimeNanos=316573083, setName='atlas-12hxkj-shard-0', canonicalAddress=ac-vytrqe8-shard-00-00.fibtsgz.mongodb.net:27017, hosts=[ac-vytrqe8-shard-00-00.fibtsgz.mongodb.net:27017, ac-vytrqe8-shard-00-01.fibtsgz.mongodb.net:27017, ac-vytrqe8-shard-00-02.fibtsgz.mongodb.net:27017], passives=[], arbiters=[], primary='ac-vytrqe8-shard-00-02.fibtsgz.mongodb.net:27017', tagSet=TagSet{[Tag{name='nodeType', value='ELECTABLE'}, Tag{name='provider', value='AWS'}, Tag{name='region', value='US_EAST_1'}, Tag{name='workloadType', value='OPERATIONAL'}]}, electionId=null, setVersion=11, topologyVersion=TopologyVersion{processId=64cbdeb5db567a034798d5fe, counter=4}, lastWriteDate=Mon Aug 07 14:49:56 PDT 2023, lastUpdateTimeNanos=223016595471500}
2023-08-07T14:49:56.810-07:00  INFO 47893 --- [ngodb.net:27017] org.mongodb.driver.cluster               : Monitor thread successfully connected to server with description ServerDescription{address=ac-vytrqe8-shard-00-02.fibtsgz.mongodb.net:27017, type=REPLICA_SET_PRIMARY, state=CONNECTED, ok=true, minWireVersion=0, maxWireVersion=17, maxDocumentSize=16777216, logicalSessionTimeoutMinutes=30, roundTripTimeNanos=316568083, setName='atlas-12hxkj-shard-0', canonicalAddress=ac-vytrqe8-shard-00-02.fibtsgz.mongodb.net:27017, hosts=[ac-vytrqe8-shard-00-00.fibtsgz.mongodb.net:27017, ac-vytrqe8-shard-00-01.fibtsgz.mongodb.net:27017, ac-vytrqe8-shard-00-02.fibtsgz.mongodb.net:27017], passives=[], arbiters=[], primary='ac-vytrqe8-shard-00-02.fibtsgz.mongodb.net:27017', tagSet=TagSet{[Tag{name='nodeType', value='ELECTABLE'}, Tag{name='provider', value='AWS'}, Tag{name='region', value='US_EAST_1'}, Tag{name='workloadType', value='OPERATIONAL'}]}, electionId=7fffffff00000000000000c2, setVersion=11, topologyVersion=TopologyVersion{processId=64cbe0be071c0288f153cbff, counter=6}, lastWriteDate=Mon Aug 07 14:49:56 PDT 2023, lastUpdateTimeNanos=223016595503000}
2023-08-07T14:49:56.810-07:00  INFO 47893 --- [ngodb.net:27017] org.mongodb.driver.cluster               : Monitor thread successfully connected to server with description ServerDescription{address=ac-vytrqe8-shard-00-01.fibtsgz.mongodb.net:27017, type=REPLICA_SET_SECONDARY, state=CONNECTED, ok=true, minWireVersion=0, maxWireVersion=17, maxDocumentSize=16777216, logicalSessionTimeoutMinutes=30, roundTripTimeNanos=317536167, setName='atlas-12hxkj-shard-0', canonicalAddress=ac-vytrqe8-shard-00-01.fibtsgz.mongodb.net:27017, hosts=[ac-vytrqe8-shard-00-00.fibtsgz.mongodb.net:27017, ac-vytrqe8-shard-00-01.fibtsgz.mongodb.net:27017, ac-vytrqe8-shard-00-02.fibtsgz.mongodb.net:27017], passives=[], arbiters=[], primary='ac-vytrqe8-shard-00-02.fibtsgz.mongodb.net:27017', tagSet=TagSet{[Tag{name='nodeType', value='ELECTABLE'}, Tag{name='provider', value='AWS'}, Tag{name='region', value='US_EAST_1'}, Tag{name='workloadType', value='OPERATIONAL'}]}, electionId=null, setVersion=11, topologyVersion=TopologyVersion{processId=64cbe2bf933f1877978d9d15, counter=3}, lastWriteDate=Mon Aug 07 14:49:56 PDT 2023, lastUpdateTimeNanos=223016600233541}
2023-08-07T14:49:56.811-07:00 DEBUG 47893 --- [ngodb.net:27017] org.mongodb.driver.connection            : Marking the connection pool for ServerId{clusterId=ClusterId{value='64d167044ccdda6fef5c8603', description='null'}, address=ac-vytrqe8-shard-00-00.fibtsgz.mongodb.net:27017} as 'ready'
2023-08-07T14:49:56.812-07:00 DEBUG 47893 --- [imer-2-thread-1] org.mongodb.driver.connection            : Pruning pooled connections to ac-vytrqe8-shard-00-00.fibtsgz.mongodb.net:27017
2023-08-07T14:49:56.813-07:00 DEBUG 47893 --- [ngodb.net:27017] org.mongodb.driver.cluster               : Updating cluster description to  {type=REPLICA_SET, servers=[{address=ac-vytrqe8-shard-00-00.fibtsgz.mongodb.net:27017, type=REPLICA_SET_SECONDARY, TagSet{[Tag{name='nodeType', value='ELECTABLE'}, Tag{name='provider', value='AWS'}, Tag{name='region', value='US_EAST_1'}, Tag{name='workloadType', value='OPERATIONAL'}]}, roundTripTime=316.6 ms, state=CONNECTED}, {address=ac-vytrqe8-shard-00-01.fibtsgz.mongodb.net:27017, type=UNKNOWN, state=CONNECTING}, {address=ac-vytrqe8-shard-00-02.fibtsgz.mongodb.net:27017, type=UNKNOWN, state=CONNECTING}]
2023-08-07T14:49:56.813-07:00 DEBUG 47893 --- [ngodb.net:27017] org.mongodb.driver.cluster               : Checking status of ac-vytrqe8-shard-00-00.fibtsgz.mongodb.net:27017
2023-08-07T14:49:56.813-07:00 DEBUG 47893 --- [ngodb.net:27017] org.mongodb.driver.connection            : Marking the connection pool for ServerId{clusterId=ClusterId{value='64d167044ccdda6fef5c8603', description='null'}, address=ac-vytrqe8-shard-00-02.fibtsgz.mongodb.net:27017} as 'ready'
2023-08-07T14:49:56.813-07:00 DEBUG 47893 --- [imer-4-thread-1] org.mongodb.driver.connection            : Pruning pooled connections to ac-vytrqe8-shard-00-02.fibtsgz.mongodb.net:27017
2023-08-07T14:49:56.814-07:00  INFO 47893 --- [ngodb.net:27017] org.mongodb.driver.cluster               : Discovered replica set primary ac-vytrqe8-shard-00-02.fibtsgz.mongodb.net:27017 with max election id 7fffffff00000000000000c2 and max set version 11
2023-08-07T14:49:56.814-07:00 DEBUG 47893 --- [ngodb.net:27017] org.mongodb.driver.cluster               : Updating cluster description to  {type=REPLICA_SET, servers=[{address=ac-vytrqe8-shard-00-00.fibtsgz.mongodb.net:27017, type=REPLICA_SET_SECONDARY, TagSet{[Tag{name='nodeType', value='ELECTABLE'}, Tag{name='provider', value='AWS'}, Tag{name='region', value='US_EAST_1'}, Tag{name='workloadType', value='OPERATIONAL'}]}, roundTripTime=316.6 ms, state=CONNECTED}, {address=ac-vytrqe8-shard-00-01.fibtsgz.mongodb.net:27017, type=UNKNOWN, state=CONNECTING}, {address=ac-vytrqe8-shard-00-02.fibtsgz.mongodb.net:27017, type=REPLICA_SET_PRIMARY, TagSet{[Tag{name='nodeType', value='ELECTABLE'}, Tag{name='provider', value='AWS'}, Tag{name='region', value='US_EAST_1'}, Tag{name='workloadType', value='OPERATIONAL'}]}, roundTripTime=316.6 ms, state=CONNECTED}]
2023-08-07T14:49:56.814-07:00 DEBUG 47893 --- [ngodb.net:27017] org.mongodb.driver.cluster               : Checking status of ac-vytrqe8-shard-00-02.fibtsgz.mongodb.net:27017
2023-08-07T14:49:56.814-07:00 DEBUG 47893 --- [ngodb.net:27017] org.mongodb.driver.connection            : Marking the connection pool for ServerId{clusterId=ClusterId{value='64d167044ccdda6fef5c8603', description='null'}, address=ac-vytrqe8-shard-00-01.fibtsgz.mongodb.net:27017} as 'ready'
2023-08-07T14:49:56.814-07:00 DEBUG 47893 --- [imer-3-thread-1] org.mongodb.driver.connection            : Pruning pooled connections to ac-vytrqe8-shard-00-01.fibtsgz.mongodb.net:27017
2023-08-07T14:49:56.815-07:00 DEBUG 47893 --- [ngodb.net:27017] org.mongodb.driver.cluster               : Updating cluster description to  {type=REPLICA_SET, servers=[{address=ac-vytrqe8-shard-00-00.fibtsgz.mongodb.net:27017, type=REPLICA_SET_SECONDARY, TagSet{[Tag{name='nodeType', value='ELECTABLE'}, Tag{name='provider', value='AWS'}, Tag{name='region', value='US_EAST_1'}, Tag{name='workloadType', value='OPERATIONAL'}]}, roundTripTime=316.6 ms, state=CONNECTED}, {address=ac-vytrqe8-shard-00-01.fibtsgz.mongodb.net:27017, type=REPLICA_SET_SECONDARY, TagSet{[Tag{name='nodeType', value='ELECTABLE'}, Tag{name='provider', value='AWS'}, Tag{name='region', value='US_EAST_1'}, Tag{name='workloadType', value='OPERATIONAL'}]}, roundTripTime=317.5 ms, state=CONNECTED}, {address=ac-vytrqe8-shard-00-02.fibtsgz.mongodb.net:27017, type=REPLICA_SET_PRIMARY, TagSet{[Tag{name='nodeType', value='ELECTABLE'}, Tag{name='provider', value='AWS'}, Tag{name='region', value='US_EAST_1'}, Tag{name='workloadType', value='OPERATIONAL'}]}, roundTripTime=316.6 ms, state=CONNECTED}]
2023-08-07T14:49:56.815-07:00 DEBUG 47893 --- [ngodb.net:27017] org.mongodb.driver.cluster               : Checking status of ac-vytrqe8-shard-00-01.fibtsgz.mongodb.net:27017
]]></system-out>
  <system-err><![CDATA[]]></system-err>
</testsuite>
